TN:
SF:t.01f7fcf51c29f5a4a3bb06ffa3a18a5335bf067405a74ba31da1ab11a8f65d55
DA:6,1
DA:9,1
DA:11,1
DA:14,1
LF:4
LH:4
end_of_record
TN:
SF:t.03a0af9998d9548f378e23064b34703a4ec4ec0e1b0db2e8569edf5a24400f4a
DA:5,1
DA:8,1
DA:9,1
DA:13,1
DA:14,0
LF:5
LH:4
end_of_record
TN:
SF:t.050ef948c80175a74b98a6d6ff4bb5fc9831b469363faef9ec6e3f5b5e903240
DA:6,1
DA:9,1
DA:11,1
DA:14,1
LF:4
LH:4
end_of_record
TN:
SF:t.066da092a6166b40f1b768c46b3421190a92992defc7e25479850342fc1d76ee
DA:6,1
DA:9,1
DA:11,1
DA:14,1
LF:4
LH:4
end_of_record
TN:
SF:t.06caf92731ac065cb2503e51a3196944ad701a557255ad2af5fa85841242c02d
DA:6,1
DA:9,1
DA:11,1
DA:14,1
LF:4
LH:4
end_of_record
TN:
SF:t.087071d60fb9ecbd54c7303b40efb12d28f9018ed7cac88d8ce7e20795ebe040
DA:6,1
DA:9,1
DA:11,1
DA:14,1
LF:4
LH:4
end_of_record
TN:
SF:t.089833d285884dcf5976a68ed5a96759376cf436a552fc1b3149f08417322010
DA:12,1
DA:17,1
LF:2
LH:2
end_of_record
TN:
SF:t.0fb1553204c3264309840a6d0931b80730324cbe5819fddf67559629097f5ff6
DA:6,1
DA:9,1
DA:11,1
DA:14,1
LF:4
LH:4
end_of_record
TN:
SF:t.109f8f33bc4945c2d3faff8aee29abc36037e0edfe68bbca32008a7aaaaa0d6f
DA:6,1
DA:10,1
DA:12,1
LF:3
LH:3
end_of_record
TN:
SF:t.1114ac408e4d3a090e92373e4df233fd280e0eadff155775a0eed9132bc69330
DA:6,1
DA:9,1
DA:11,1
DA:14,1
LF:4
LH:4
end_of_record
TN:
SF:t.12b3008cabfcadb9d8eb035d8f873cc4a74ed07322959a7895fd5c65abcb96b5
DA:6,1
DA:9,1
DA:11,1
DA:14,1
LF:4
LH:4
end_of_record
TN:
SF:t.138efd8c61c31c258046e14c8e702b0538f8a523bd23c6c52b59dea26e4c7fb7
DA:5,1
DA:8,1
DA:9,1
DA:13,1
DA:14,0
LF:5
LH:4
end_of_record
TN:
SF:t.1745c135dc86049bdc05675527fa517ba14af1ba78b2bb23b3a0fb4f9fbeffac
DA:3,1
LF:1
LH:1
end_of_record
TN:
SF:t.174c22a3a8d934ec94e94be04a3281cb6fb1a6fb4451d8d55d58df16335fdc9e
DA:3,1
LF:1
LH:1
end_of_record
TN:
SF:t.1f602710dde945bc7b507504eb92072d6023783391f17bd6a8eff66d9777e449
DA:5,1
DA:8,1
DA:9,1
DA:13,1
DA:14,0
LF:5
LH:4
end_of_record
TN:
SF:t.214539c3a5caaae200bf9c62ce37f8ca11454d8a5efac16e50ff04e5fc134da5
DA:5,1
DA:8,1
DA:9,1
DA:13,1
DA:14,0
LF:5
LH:4
end_of_record
TN:
SF:t.24bba9a3fffb540826d99af0590c6190670023196fcbde85a6cee99af0b895e8
DA:5,1
DA:8,1
DA:9,1
DA:13,1
DA:14,0
LF:5
LH:4
end_of_record
TN:
SF:t.2510d4b8be913d2b5e52fe0883a82671cc3af5bba1117cabf1f74e97de484113
DA:5,1
DA:8,1
DA:9,1
DA:13,1
DA:14,0
LF:5
LH:4
end_of_record
TN:
SF:t.278ee7dfdc442ded17e27084d7a6efaefbab9668b6f021e1cd7fa6708e3d5b68
DA:6,1
DA:9,1
DA:11,1
DA:14,1
LF:4
LH:4
end_of_record
TN:
SF:t.27bf58dc00a1de02da0a5fb074dbb309e0307d7647d0f8c6103d6aa58639001c
DA:6,1
DA:9,1
DA:11,1
DA:14,1
LF:4
LH:4
end_of_record
TN:
SF:t.298f11af31a34637b6594c5b83354f443f306f5eae9c6574002b32a663f4c84b
DA:5,1
DA:8,1
DA:9,1
DA:13,1
DA:14,0
LF:5
LH:4
end_of_record
TN:
SF:t.2be3f9e8bf550a9b0bc69c45687eb2d86d4db5c50f81bc02d1c6842f04efa9bd
DA:5,1
DA:8,1
DA:9,1
DA:13,1
DA:14,0
LF:5
LH:4
end_of_record
TN:
SF:t.2dca8eea4631e91e42ff8b90db3c717540003bcfac7b11117f0253d14134ec06
DA:6,1
DA:9,1
DA:11,1
DA:14,1
LF:4
LH:4
end_of_record
TN:
SF:t.3314a97b3f5ea388fa6465cbbeb789f89262101d3326927dd1acdba7c4a2bbcb
DA:6,1
DA:9,1
DA:11,1
DA:14,1
LF:4
LH:4
end_of_record
TN:
SF:t.38e11d26b6671ad987fdfe95f6aa7dd634937cec06937232a7c64ce985b5e4ac
DA:6,1
DA:9,1
DA:11,1
DA:14,1
LF:4
LH:4
end_of_record
TN:
SF:t.3e7b3e1b4661e8b4e15184dee9117f2281244922405f72e103173da6f98141e1
DA:6,1
DA:9,1
DA:11,1
DA:14,1
LF:4
LH:4
end_of_record
TN:
SF:t.4a494e9a6779c4c0f62911034e12902b93852f82a265b3b8b758043066c81053
DA:3,1
LF:1
LH:1
end_of_record
TN:
SF:t.4c66019a8b8fee5a604e778558941510d7b0a41ba7d9b9a6583865010ac585f2
DA:6,1
DA:9,1
DA:11,1
DA:14,1
LF:4
LH:4
end_of_record
TN:
SF:t.4caaf7445bb0027329ce36e9e1c9558cf8a7fd6b174e8b9a067123ab7c355b18
DA:6,1
DA:9,1
DA:11,1
DA:14,1
LF:4
LH:4
end_of_record
TN:
SF:t.5066e0f120e784d2d56148b127f2d80ccac13cbd6d8a2d235ea983ddc5000e98
DA:6,1
DA:9,1
DA:11,1
DA:14,1
LF:4
LH:4
end_of_record
TN:
SF:t.50ec318c55dcde444710e0d021690b084471d8f913e6904f9b4b730628a7d0ab
DA:6,1
DA:9,1
DA:11,1
DA:14,1
LF:4
LH:4
end_of_record
TN:
SF:t.51cc20374d74a4eaf93e58bb4e7b3b0f3122689fa728be862cd5f187c2ed7c2c
DA:10,1
DA:14,1
DA:20,1
DA:21,1
DA:23,1
DA:25,1
LF:6
LH:6
end_of_record
TN:
SF:t.52ecaa64771562ab8d8a33f95a4e6d0a4a194b1957f1087b78ddafb4f65bddff
DA:6,1
DA:9,1
DA:11,1
DA:14,1
LF:4
LH:4
end_of_record
TN:
SF:t.5428c96442fe982c097b696b3bee4b3fe0e787974efbd3d0b2c6a3c40edb5598
DA:6,1
DA:9,1
DA:11,1
DA:14,1
LF:4
LH:4
end_of_record
TN:
SF:t.57ff609fab12653d70c22acba9b70b7f96b320e9868857d05a0283758d11d826
DA:5,1
DA:8,1
DA:9,1
DA:13,1
DA:14,0
LF:5
LH:4
end_of_record
TN:
SF:t.620633f12b280b99f886cd5fd9c930d22723d830c89276da4cf383f882007a37
DA:6,1
DA:9,1
DA:11,1
DA:14,1
LF:4
LH:4
end_of_record
TN:
SF:t.69be44f9c341051471c31c5242e7c30660b06fe7d0a125b9f8a91e93f49bd8b7
DA:3,1
LF:1
LH:1
end_of_record
TN:
SF:t.78901849038ffba988be769cb28c3701ee51c0cd21f9d7c1d1cd0bafb3e83391
DA:3,1
LF:1
LH:1
end_of_record
TN:
SF:t.7cc8e1cf1fa771e1651b6ddcf9c68bf29ad1c553916d13361b4b25fc2aafa01a
DA:6,1
DA:9,1
DA:11,1
DA:14,1
LF:4
LH:4
end_of_record
TN:
SF:t.7db863f3f3ae492382da5a2cc1698a38b260ac536fa77fd37585d2c235e5a469
DA:7,1
DA:10,1
DA:13,1
DA:14,1
DA:15,1
DA:16,1
LF:6
LH:6
end_of_record
TN:
SF:t.809c51eb1b685b360a459d0006211c9046645b117812f177a9c570b819b78330
DA:6,1
DA:9,1
DA:11,1
DA:14,1
LF:4
LH:4
end_of_record
TN:
SF:t.856b0539500869f5183b1291caf270a1350ed062eb0e82f5345040ea2fe07c94
DA:17,1
DA:20,1
DA:24,1
DA:25,4
DA:27,4
DA:28,4
DA:29,3
DA:32,4
DA:35,4
LF:9
LH:9
end_of_record
TN:
SF:t.872c063c9ab89e83b22e0d6ddad8d99bf85698c80d1df1c7a5ff539a9060f014
DA:3,1
LF:1
LH:1
end_of_record
TN:
SF:t.87e108aad537e04e4a8d785901bc1906b8cf3aea95b6ad2a465cc890ec429678
DA:3,1
DA:4,1
LF:2
LH:2
end_of_record
TN:
SF:t.895c7dc993f1273ee40148b1cbafc28384e680643728e3caad921701f2fc04b6
DA:6,1
DA:9,1
DA:11,1
DA:14,1
LF:4
LH:4
end_of_record
TN:
SF:t.8ba458bd54575699c81a15df9b74f4ad998b9d9004f957fa23e6028af237c6df
DA:3,1
DA:4,1
LF:2
LH:2
end_of_record
TN:
SF:t.8ecbf90c312c568852ffb5a49b36edc578b1c752ecaec38009e5b11de087a9f2
DA:5,1
DA:8,1
DA:9,1
DA:13,1
DA:14,0
LF:5
LH:4
end_of_record
TN:
SF:t.932779b6352e155439cc38901f1f671cc1d900c6212ce1a02e26219aacbcb8f3
DA:5,1
DA:8,1
DA:9,1
DA:13,1
DA:14,0
LF:5
LH:4
end_of_record
TN:
SF:t.93b742fd560d7dcf9fb33197bc87b97bc42d35dc41ef1054fd172c6fe9548716
DA:3,1
DA:4,1
LF:2
LH:2
end_of_record
TN:
SF:t.9992aaad03b550d71e90f75342e42ba55b16e688b5eacdb55a0c1a6533e2d6f0
DA:3,1
DA:4,1
LF:2
LH:2
end_of_record
TN:
SF:t.9b8e20a9bb295cffee993670d8748ee99a750bbc000e90681aaa74dba3d6e9b6
DA:5,1
DA:8,1
DA:9,1
DA:13,1
DA:14,0
LF:5
LH:4
end_of_record
TN:
SF:t.9daf33481af221ebcc6f7ee8941f19fcc533b99c48fa2f73a047fe4c19def8be
DA:14,1
DA:18,1
DA:20,1
DA:22,1
DA:23,1
DA:26,1
DA:30,1
LF:7
LH:7
end_of_record
TN:
SF:t.a1e32525ce70ce1d874331ac7ed5a5f5370de1eaa40bb491cc920ec59fe849d9
DA:4,1
LF:1
LH:1
end_of_record
TN:
SF:t.a9a599d06cc17ee36195375688ffae66354a5ae68fab30756616c169615c688c
DA:3,1
DA:4,1
LF:2
LH:2
end_of_record
TN:
SF:t.ad2f3581ec490ddc317333a3e50b36b3af5c803184304bb43ef3e7fcc2f037ed
DA:6,1
DA:9,1
DA:11,1
DA:14,1
LF:4
LH:4
end_of_record
TN:
SF:t.b08f10c2800fa58f081ada92b982f6c6e2b9b6abef60b7b1b907629d3121fe8b
DA:3,1
LF:1
LH:1
end_of_record
TN:
SF:t.b1c7402a47e4790d6760cbcd01591c68059e1fdb3af73a243fa86fde6e4f38b9
DA:3,1
LF:1
LH:1
end_of_record
TN:
SF:t.b1d0c8524e7a66ea073be06a5b16fdf616278dc57e5a5fc49544a813f7c4135b
DA:6,1
DA:9,1
DA:11,1
DA:14,1
LF:4
LH:4
end_of_record
TN:
SF:t.b27be1e98bc8cff2fd4a5859dc73e4ac407a6147848d0fce7271f3b4e36e3536
DA:3,1
LF:1
LH:1
end_of_record
TN:
SF:t.bac69900943f587e0919b60a59bc372d5ae8ee45f0d2fc04173f21a9af4cff8e
DA:3,1
LF:1
LH:1
end_of_record
TN:
SF:t.bacc36b4780e4176c3eab7100dabaaf75ee680ec922b44286c0fd0756442ddff
DA:5,1
DA:8,1
DA:9,1
DA:13,1
DA:14,0
LF:5
LH:4
end_of_record
TN:
SF:t.bb497bb7ab8d9fbb1aa6b86e9a0ae120d650913197d8e4d5631a00f4174a4b3a
DA:6,1
DA:9,1
DA:11,1
DA:14,1
LF:4
LH:4
end_of_record
TN:
SF:t.bc67024782c440ed771c0495f32c6dde8e4ae3adb28582a27bb61538d1e71e94
DA:17,1
DA:18,1
DA:19,1
DA:20,0
DA:21,0
DA:24,1
LF:6
LH:4
end_of_record
TN:
SF:t.bd47e60a100f527b5ce7899dc8e85d7337067f38731f447f013bcf724ea6795b
DA:6,1
DA:9,1
DA:11,1
DA:14,1
LF:4
LH:4
end_of_record
TN:
SF:t.bfa6b598227f25331d5be5890949097c706eae0b1c3e8f234c47952bb7daa68d
DA:6,1
DA:9,1
DA:11,1
DA:14,1
LF:4
LH:4
end_of_record
TN:
SF:t.c082a8a6e00c6eb6d446df0c560255ada029129e01daf6d5bfb2bbf890698434
DA:6,1
DA:9,1
DA:11,1
DA:14,1
LF:4
LH:4
end_of_record
TN:
SF:t.c21f8a38a44c861f12df3e2d1d81da9c1aab8881ea353c1a7bac9bfd8d06131e
DA:3,1
LF:1
LH:1
end_of_record
TN:
SF:t.c949ac3b6b3b1a90ed39ea1cd9f97288b649ffa178f9c2a5d9d91feb2e42be75
DA:3,1
LF:1
LH:1
end_of_record
TN:
SF:t.c9992ecbc53045081739303728919ca38a801588153444e7dd143e2000b3855d
DA:6,1
DA:9,1
DA:11,1
DA:14,1
LF:4
LH:4
end_of_record
TN:
SF:t.cae8b311d27491b66e7a97dd3a5d073591a18be811a90a2c977942e4b0cd6e85
DA:3,1
LF:1
LH:1
end_of_record
TN:
SF:t.cb12ed57b437075dfdd73d0d3f73928b92618869c5c2ebabfdad8b1ac5ea9286
DA:3,1
LF:1
LH:1
end_of_record
TN:
SF:t.cd5c1e3f98f61770dddd282aa3b5f8988e6f3a3b5773236a04a8548b7130a309
DA:3,1
LF:1
LH:1
end_of_record
TN:
SF:t.cfc1832db76beb8c8796b8eb1bbfc84e79df7b71cbfcb2d6f4fc08b8e543f2e2
DA:6,1
DA:9,1
DA:11,1
DA:14,1
LF:4
LH:4
end_of_record
TN:
SF:t.d09fa9b543d1457cc60c1ee6e53ace14273d72c174bd21014d79c0229c09287a
DA:6,1
DA:9,1
DA:11,1
DA:14,1
LF:4
LH:4
end_of_record
TN:
SF:t.d13120e481b7416a3b4529582b226b2c2f61c9a3f5b0007f3582fd935df9e0c7
DA:6,1
DA:9,1
DA:11,1
DA:14,1
LF:4
LH:4
end_of_record
TN:
SF:t.d1caf3f6d70420fe3898ce527cc8f8d74bedbd978d8f81d469c375fdc835c9d7
DA:5,1
DA:8,1
DA:9,1
DA:13,1
DA:14,0
LF:5
LH:4
end_of_record
TN:
SF:t.d2d89098921a0d72a8c415a6dfbbc1c9c2595a6d5bd9b9722a6be7c6a1faf215
DA:4,1
DA:5,1
LF:2
LH:2
end_of_record
TN:
SF:t.d883b1e810c83d02a39e83e149066f11c377d27e0fc346e0c83d05aba9e769bf
DA:6,1
DA:9,1
DA:11,1
DA:14,1
LF:4
LH:4
end_of_record
TN:
SF:t.db0725cbbc4d7bb9825fdab6a103a67d444fd79d2dd7100b0f11f81d3fbe9b7b
DA:6,1
DA:9,1
DA:11,1
DA:14,1
LF:4
LH:4
end_of_record
TN:
SF:t.dc79b3d213acf70d9ba424b062cb310c9cceffd5f8126ee6e68f04fc05f7571d
DA:5,1
DA:8,1
DA:9,1
DA:13,1
DA:14,0
LF:5
LH:4
end_of_record
TN:
SF:t.e25370ab20ad0be782098b9a8c1668a64618437e3a8701569329059283bb38bd
DA:3,1
LF:1
LH:1
end_of_record
TN:
SF:t.e4da4e80e03446a6f1d16767a898baea829247b1437c9ebe3a478282acdd8992
DA:6,1
DA:9,1
DA:11,1
DA:14,1
LF:4
LH:4
end_of_record
TN:
SF:t.e4e0eb845ac95df9bb3c92e36089ad5c3c4cc028ee178a92600b811a4aa65dae
DA:6,1
DA:9,1
DA:11,1
DA:14,1
LF:4
LH:4
end_of_record
TN:
SF:t.ebe5293d5cd2778bdda39823bf3e99da08a95d2fe93769d24a3eccfbde3ac172
DA:3,1
LF:1
LH:1
end_of_record
TN:
SF:t.ed21b26b1c1e77cf2caca7378e460c64ec6d16253a79deff25076b10ad7b76ad
DA:5,1
DA:8,1
DA:9,1
DA:13,1
DA:14,0
LF:5
LH:4
end_of_record
TN:
SF:t.ed7fa7e5baf85dd9d5b05977cd61c13e664c962fe56474c2adf2e48e0cbaedd0
DA:5,1
DA:8,1
DA:9,1
DA:13,1
DA:14,0
LF:5
LH:4
end_of_record
TN:
SF:t.ef452ac4a4f27af0eb886f28fe325085bcf89429a6b74e0028b232da8548f8d4
DA:6,1
DA:9,1
LF:2
LH:2
end_of_record
TN:
SF:t.f27ba3e22a33d013e47efaaca6c4a40ba3afed9fd518b0039486c58051e21ee8
DA:3,1
LF:1
LH:1
end_of_record
TN:
SF:t.f3abece581027f44f166a651f883ab3494dcbc99fd874a6fd5c8594ade894042
DA:5,1
DA:8,1
DA:9,1
DA:13,1
DA:14,0
LF:5
LH:4
end_of_record
TN:
SF:t.f43117ad80cda9988ea61568821fef217bb132fe3b060fbe8b7d34b59f37ca8b
DA:5,1
DA:8,1
DA:9,1
DA:13,1
DA:14,0
LF:5
LH:4
end_of_record
TN:
SF:t.f4ea2db80f5bed61093fdadae5c4d501a8e1a71c63119b20bec3795c56083d70
DA:3,1
LF:1
LH:1
end_of_record
TN:
SF:t.f99cea30a24327b0f5705bc0f143433927338d2b95d5c0f296892abff35eb601
DA:6,1
DA:9,1
DA:11,1
DA:14,1
LF:4
LH:4
end_of_record
TN:
SF:t.fcbfef3d335bdd5a6481f77d35a9f49b0320b6727920436e172a9183d2daf7c3
DA:3,1
LF:1
LH:1
end_of_record
TN:
SF:t.fceb44ca95fab2c31e78296cf96f7d2d1f1ea4b19b6be25ee0101a33b6621a52
DA:6,1
DA:9,1
DA:11,1
DA:14,1
LF:4
LH:4
end_of_record
TN:
SF:t.feb839ac38ad6b9f29a965fc4cb17d67414e4e1e883233b3671b77dc3c3abc84
DA:6,1
DA:9,1
DA:11,1
DA:14,1
LF:4
LH:4
end_of_record
TN:
SF:t.ff0d856a59e32746c522085dd3886925ae2ddb6bf68e061e096b0b2f82445dae
DA:5,1
DA:8,1
DA:9,1
DA:13,1
DA:14,0
LF:5
LH:4
end_of_record
TN:
SF:t.ffa3df30714bc1ca1d96eaa1faf8ef8919b42aee2278e6d3871f4c36133ed9e4
DA:3,1
LF:1
LH:1
end_of_record
